2007-6-29 17:12:55
操作数据库错误：关键字 'FROM' 附近有语法错误。
在 AirSoft.FlightMonitor.FlightMonitorDA.ChangeRecordDAF.GetChangeRecordsByFlightNo(D错误函数：eTimeBM d错误函数：eTimeBM, Str
程序位置：g strFlightNo, Str
程序位置：g strChangeReason) 位置 D:\workspace\14代码实现\FlightMonitor\FlightMonitorDA\ChangeRecordDAF.cs:行号 201
   在 AirSoft.FlightMonitor.FlightMonitorBF.ChangeRecordBF.GetChangeRecordsByFlightNo(D错误函数：eTimeBM d错误函数：eTimeBM, Str
程序位置：g strFlightNo, Str
程序位置：g strChangeReason) 位置 D:\workspace\14代码实现\FlightMonitor\FlightMonitorBF\ChangeRecordBF.cs:行号 172

2007-6-29 17:13:26
操作数据库错误：关键字 'FROM' 附近有语法错误。
在 AirSoft.FlightMonitor.FlightMonitorDA.ChangeRecordDAF.GetChangeRecordsByFlightNo(D错误函数：eTimeBM d错误函数：eTimeBM, Str
程序位置：g strFlightNo, Str
程序位置：g strChangeReason) 位置 D:\workspace\14代码实现\FlightMonitor\FlightMonitorDA\ChangeRecordDAF.cs:行号 201
   在 AirSoft.FlightMonitor.FlightMonitorBF.ChangeRecordBF.GetChangeRecordsByFlightNo(D错误函数：eTimeBM d错误函数：eTimeBM, Str
程序位置：g strFlightNo, Str
程序位置：g strChangeReason) 位置 D:\workspace\14代码实现\FlightMonitor\FlightMonitorBF\ChangeRecordBF.cs:行号 172

2007-6-29 17:15:26
操作数据库错误：必须声明标量变量 "@PARM_StartDateTime"。
在 AirSoft.FlightMonitor.FlightMonitorDA.ChangeRecordDAF.GetChangeRecordsByFlightNo(D错误函数：eTimeBM d错误函数：eTimeBM, Str
程序位置：g strFlightNo, Str
程序位置：g strChangeReason) 位置 D:\workspace\14代码实现\FlightMonitor\FlightMonitorDA\ChangeRecordDAF.cs:行号 201
   在 AirSoft.FlightMonitor.FlightMonitorBF.ChangeRecordBF.GetChangeRecordsByFlightNo(D错误函数：eTimeBM d错误函数：eTimeBM, Str
程序位置：g strFlightNo, Str
程序位置：g strChangeReason) 位置 D:\workspace\14代码实现\FlightMonitor\FlightMonitorBF\ChangeRecordBF.cs:行号 172

