2007-6-28 13:46:22
操作数据库错误：关键字 'BY' 附近有语法错误。
在 AirSoft.FlightMonitor.FlightMonitorDA.AirportInfoDAF.GetAirportInfors() 位置 D:\workspace\14代码实现\FlightMonitor\FlightMonitorDA\AirportInfoDAF.cs:行号 37
   在 AirSoft.FlightMonitor.FlightMonitorBF.AirportInforBF.GetAirportInfors() 位置 D:\workspace\14代码实现\FlightMonitor\FlightMonitorBF\AirportInforBF.cs:行号 31

2007-6-28 13:46:42
操作数据库错误：关键字 'BY' 附近有语法错误。
在 AirSoft.FlightMonitor.FlightMonitorDA.AirportInfoDAF.GetAirportInfors() 位置 D:\workspace\14代码实现\FlightMonitor\FlightMonitorDA\AirportInfoDAF.cs:行号 37
   在 AirSoft.FlightMonitor.FlightMonitorBF.AirportInforBF.GetAirportInfors() 位置 D:\workspace\14代码实现\FlightMonitor\FlightMonitorBF\AirportInforBF.cs:行号 31

2007-6-28 13:48:36
操作数据库错误：列名 'cncAirportThreeCode' 无效。
列名 'cncCityThreeCode' 无效。
列名 'cncAirportFourCode' 无效。
列名 'cncAirportCNAME' 无效。
列名 'cncAirportCNAME' 无效。
列名 'cncAirportCSIMP' 无效。
列名 'cniAirportAreaId' 无效。
列名 'cnvcAirportArea' 无效。
列名 'cncIsSelf' 无效。
列名 'cnvcRemarks' 无效。
列名 'cniAirportPaxType' 无效。
列名 'cniAirportTaxiFuelType' 无效。
列名 'cncAirportThreeCode' 无效。
列名 'cncAirportCNAME' 无效。
列名 'cncAirportCNAME' 无效。
在 AirSoft.FlightMonitor.FlightMonitorDA.AirportInfoDAF.GetAirportInfors() 位置 D:\workspace\14代码实现\FlightMonitor\FlightMonitorDA\AirportInfoDAF.cs:行号 37
   在 AirSoft.FlightMonitor.FlightMonitorBF.AirportInforBF.GetAirportInfors() 位置 D:\workspace\14代码实现\FlightMonitor\FlightMonitorBF\AirportInforBF.cs:行号 31

2007-6-28 16:19:42
操作数据库错误：关键字 'AND' 附近有语法错误。
在 AirSoft.FlightMonitor.FlightMonitorDA.GuaranteeInforDAF.GetFlightsByFlightNo(D错误函数：eTimeBM d错误函数：eTimeBM, Str
程序位置：g strDEPSTN, Str
程序位置：g strARRSTN, Str
程序位置：g strFlightNo) 位置 D:\workspace\14代码实现\FlightMonitor\FlightMonitorDA\GuaranteeInforDAF.cs:行号 505
   在 AirSoft.FlightMonitor.FlightMonitorBF.GuaranteeInforBF.GetFlightsByFlightNo(D错误函数：eTimeBM d错误函数：eTimeBM, Str
程序位置：g strDEPSTN, Str
程序位置：g strARRSTN, Str
程序位置：g strFlightNo) 位置 D:\workspace\14代码实现\FlightMonitor\FlightMonitorBF\GuaranteeInforBF.cs:行号 422

