2007-7-13 14:45:42
操作数据库错误：被准备语句 '(@PARM_cndtStdDate datetime,@PARM_cnvcFlightNo varchar(50),@PARM' 需要参数 @PARM_cndtStdDate，但未提供该参数。
在 AirSoft.FlightMonitor.FlightMonitorDA.ComputerPlanDAF.GetComputerFlightPlan(Str
程序位置：g strD错误函数：e, Str
程序位置：g strFlightNo, Str
程序位置：g strDepstn, Str
程序位置：g strArrstn) 位置 D:\workspace\14代码实现\FlightMonitor\FlightMonitorDA\ComputerPlanDAF.cs:行号 52
   在 AirSoft.FlightMonitor.FlightMonitorBF.ComputerPlanBF.GetComputerFlightPlan(Str
程序位置：g strD错误函数：e, Str
程序位置：g strFlightNo, Str
程序位置：g strDepstn, Str
程序位置：g strArrstn) 位置 D:\workspace\14代码实现\FlightMonitor\FlightMonitorBF\ComputerPlanBF.cs:行号 35

2007-7-13 15:52:49
操作数据库错误：列名 'cniTotalFuelWeight' 无效。
在 AirSoft.FlightMonitor.FlightMonitorDA.GuaranteeInforDAF.Upd错误函数：eLegsInfor(Ma
程序位置：tenGuaranteeInforBM ma
程序位置：tenGuaranteeInforBM) 位置 D:\workspace\14代码实现\FlightMonitor\FlightMonitorDA\GuaranteeInforDAF.cs:行号 171
   在 AirSoft.FlightMonitor.FlightMonitorBF.GuaranteeInforBF.Upd错误函数：eLegsInfor(Ma
程序位置：tenGuaranteeInforBM ma
程序位置：tenGuaranteeInforBM) 位置 D:\workspace\14代码实现\FlightMonitor\FlightMonitorBF\GuaranteeInforBF.cs:行号 144

2007-7-13 15:57:04
操作数据库错误：列名 'cniTotalFuelWeight' 无效。
在 AirSoft.FlightMonitor.FlightMonitorDA.GuaranteeInforDAF.Upd错误函数：eLegsInfor(Ma
程序位置：tenGuaranteeInforBM ma
程序位置：tenGuaranteeInforBM) 位置 D:\workspace\14代码实现\FlightMonitor\FlightMonitorDA\GuaranteeInforDAF.cs:行号 171
   在 AirSoft.FlightMonitor.FlightMonitorBF.GuaranteeInforBF.Upd错误函数：eLegsInfor(Ma
程序位置：tenGuaranteeInforBM ma
程序位置：tenGuaranteeInforBM) 位置 D:\workspace\14代码实现\FlightMonitor\FlightMonitorBF\GuaranteeInforBF.cs:行号 144

