2007-6-20 11:31:06
操作数据库错误：必须声明标量变量 "@PARM_cnbDeleteTag"。
在 AirSoft.FlightMonitor.FlightMonitorDA.VIPDAF.GetVIPByFlight(ChangeLegsBM changeLegsBM, Int32 iDeleteTag) 位置 D:\workspace\14代码实现\FlightMonitor\FlightMonitorDA\VIPDAF.cs:行号 217
   在 AirSoft.FlightMonitor.FlightMonitorBF.VIPBF.GetVIPByFlight(ChangeLegsBM changeLegsBM, Int32 iDeleteTag) 位置 D:\workspace\14代码实现\FlightMonitor\FlightMonitorBF\VIPBF.cs:行号 235

2007-6-20 11:31:12
操作数据库错误：必须声明标量变量 "@PARM_cnbDeleteTag"。
在 AirSoft.FlightMonitor.FlightMonitorDA.VIPDAF.GetVIPByFlight(ChangeLegsBM changeLegsBM, Int32 iDeleteTag) 位置 D:\workspace\14代码实现\FlightMonitor\FlightMonitorDA\VIPDAF.cs:行号 217
   在 AirSoft.FlightMonitor.FlightMonitorBF.VIPBF.GetVIPByFlight(ChangeLegsBM changeLegsBM, Int32 iDeleteTag) 位置 D:\workspace\14代码实现\FlightMonitor\FlightMonitorBF\VIPBF.cs:行号 235

2007-6-20 11:31:28
操作数据库错误：必须声明标量变量 "@PARM_cnbDeleteTag"。
在 AirSoft.FlightMonitor.FlightMonitorDA.VIPDAF.GetVIPByFlight(ChangeLegsBM changeLegsBM, Int32 iDeleteTag) 位置 D:\workspace\14代码实现\FlightMonitor\FlightMonitorDA\VIPDAF.cs:行号 217
   在 AirSoft.FlightMonitor.FlightMonitorBF.VIPBF.GetVIPByFlight(ChangeLegsBM changeLegsBM, Int32 iDeleteTag) 位置 D:\workspace\14代码实现\FlightMonitor\FlightMonitorBF\VIPBF.cs:行号 235

2007-6-20 12:23:44
操作数据库错误：必须声明标量变量 "@PARM_cnbDeleteTag"。
在 AirSoft.FlightMonitor.FlightMonitorDA.VIPDAF.GetVIPByFlight(ChangeLegsBM changeLegsBM, Int32 iDeleteTag) 位置 D:\workspace\14代码实现\FlightMonitor\FlightMonitorDA\VIPDAF.cs:行号 217
   在 AirSoft.FlightMonitor.FlightMonitorBF.VIPBF.GetVIPByFlight(ChangeLegsBM changeLegsBM, Int32 iDeleteTag) 位置 D:\workspace\14代码实现\FlightMonitor\FlightMonitorBF\VIPBF.cs:行号 235

2007-6-20 12:27:14
操作数据库错误：必须声明标量变量 "@PARM_cnbDeleteTag"。
在 AirSoft.FlightMonitor.FlightMonitorDA.VIPDAF.GetVIPByFlight(ChangeLegsBM changeLegsBM, Int32 iDeleteTag) 位置 D:\workspace\14代码实现\FlightMonitor\FlightMonitorDA\VIPDAF.cs:行号 217
   在 AirSoft.FlightMonitor.FlightMonitorBF.VIPBF.GetVIPByFlight(ChangeLegsBM changeLegsBM, Int32 iDeleteTag) 位置 D:\workspace\14代码实现\FlightMonitor\FlightMonitorBF\VIPBF.cs:行号 235

2007-6-20 12:28:29
操作数据库错误：必须声明标量变量 "@PARM_cnbDeleteTag"。
在 AirSoft.FlightMonitor.FlightMonitorDA.VIPDAF.GetVIPByFlight(ChangeLegsBM changeLegsBM, Int32 iDeleteTag) 位置 D:\workspace\14代码实现\FlightMonitor\FlightMonitorDA\VIPDAF.cs:行号 217
   在 AirSoft.FlightMonitor.FlightMonitorBF.VIPBF.GetVIPByFlight(ChangeLegsBM changeLegsBM, Int32 iDeleteTag) 位置 D:\workspace\14代码实现\FlightMonitor\FlightMonitorBF\VIPBF.cs:行号 235

2007-6-20 12:30:46
操作数据库错误：必须声明标量变量 "@PARM_cnbDeleteTag"。
在 AirSoft.FlightMonitor.FlightMonitorDA.VIPDAF.GetVIPByFlight(ChangeLegsBM changeLegsBM, Int32 iDeleteTag) 位置 D:\workspace\14代码实现\FlightMonitor\FlightMonitorDA\VIPDAF.cs:行号 217
   在 AirSoft.FlightMonitor.FlightMonitorBF.VIPBF.GetVIPByFlight(ChangeLegsBM changeLegsBM, Int32 iDeleteTag) 位置 D:\workspace\14代码实现\FlightMonitor\FlightMonitorBF\VIPBF.cs:行号 235

2007-6-20 12:31:45
操作数据库错误：必须声明标量变量 "@PARM_cnbDeleteTag"。
在 AirSoft.FlightMonitor.FlightMonitorDA.VIPDAF.GetVIPByFlight(ChangeLegsBM changeLegsBM, Int32 iDeleteTag) 位置 D:\workspace\14代码实现\FlightMonitor\FlightMonitorDA\VIPDAF.cs:行号 217
   在 AirSoft.FlightMonitor.FlightMonitorBF.VIPBF.GetVIPByFlight(ChangeLegsBM changeLegsBM, Int32 iDeleteTag) 位置 D:\workspace\14代码实现\FlightMonitor\FlightMonitorBF\VIPBF.cs:行号 235

2007-6-20 12:38:22
操作数据库错误：必须声明标量变量 "@PARM_cnbDeleteTag"。
在 AirSoft.FlightMonitor.FlightMonitorDA.VIPDAF.GetVIPByFlight(ChangeLegsBM changeLegsBM, Boolean bDeleteTag) 位置 D:\workspace\14代码实现\FlightMonitor\FlightMonitorDA\VIPDAF.cs:行号 217
   在 AirSoft.FlightMonitor.FlightMonitorBF.VIPBF.GetVIPByFlight(ChangeLegsBM changeLegsBM, Boolean bDeleteTag) 位置 D:\workspace\14代码实现\FlightMonitor\FlightMonitorBF\VIPBF.cs:行号 235

2007-6-20 13:37:54
操作数据库错误：参数化查询 '(@PARM_cncDATOP char(10),@PARM_cnvcFLTID varchar(8),@PARM_cncDEP' 需要参数 @PARM_cncDATOP，但未提供该参数。
在 AirSoft.FlightMonitor.FlightMonitorDA.VIPDAF.GetVIPByFlight(ChangeLegsBM changeLegsBM, Int32 iDeleteTag) 位置 D:\workspace\14代码实现\FlightMonitor\FlightMonitorDA\VIPDAF.cs:行号 217
   在 AirSoft.FlightMonitor.FlightMonitorBF.VIPBF.GetVIPByFlight(ChangeLegsBM changeLegsBM, Int32 iDeleteTag) 位置 D:\workspace\14代码实现\FlightMonitor\FlightMonitorBF\VIPBF.cs:行号 235

2007-6-20 13:37:56
操作数据库错误：参数化查询 '(@PARM_cncDATOP char(10),@PARM_cnvcFLTID varchar(8),@PARM_cncDEP' 需要参数 @PARM_cncDATOP，但未提供该参数。
在 AirSoft.FlightMonitor.FlightMonitorDA.VIPDAF.GetVIPByFlight(ChangeLegsBM changeLegsBM, Int32 iDeleteTag) 位置 D:\workspace\14代码实现\FlightMonitor\FlightMonitorDA\VIPDAF.cs:行号 217
   在 AirSoft.FlightMonitor.FlightMonitorBF.VIPBF.GetVIPByFlight(ChangeLegsBM changeLegsBM, Int32 iDeleteTag) 位置 D:\workspace\14代码实现\FlightMonitor\FlightMonitorBF\VIPBF.cs:行号 235

2007-6-20 13:38:03
操作数据库错误：参数化查询 '(@PARM_cncDATOP char(10),@PARM_cnvcFLTID varchar(8),@PARM_cncDEP' 需要参数 @PARM_cncDATOP，但未提供该参数。
在 AirSoft.FlightMonitor.FlightMonitorDA.VIPDAF.GetVIPByFlight(ChangeLegsBM changeLegsBM, Int32 iDeleteTag) 位置 D:\workspace\14代码实现\FlightMonitor\FlightMonitorDA\VIPDAF.cs:行号 217
   在 AirSoft.FlightMonitor.FlightMonitorBF.VIPBF.GetVIPByFlight(ChangeLegsBM changeLegsBM, Int32 iDeleteTag) 位置 D:\workspace\14代码实现\FlightMonitor\FlightMonitorBF\VIPBF.cs:行号 235

2007-6-20 13:38:04
操作数据库错误：参数化查询 '(@PARM_cncDATOP char(10),@PARM_cnvcFLTID varchar(8),@PARM_cncDEP' 需要参数 @PARM_cncDATOP，但未提供该参数。
在 AirSoft.FlightMonitor.FlightMonitorDA.VIPDAF.GetVIPByFlight(ChangeLegsBM changeLegsBM, Int32 iDeleteTag) 位置 D:\workspace\14代码实现\FlightMonitor\FlightMonitorDA\VIPDAF.cs:行号 217
   在 AirSoft.FlightMonitor.FlightMonitorBF.VIPBF.GetVIPByFlight(ChangeLegsBM changeLegsBM, Int32 iDeleteTag) 位置 D:\workspace\14代码实现\FlightMonitor\FlightMonitorBF\VIPBF.cs:行号 235

2007-6-20 13:44:51
操作数据库错误：参数化查询 '(@PARM_cncDATOP char(10),@PARM_cnvcFLTID varchar(8),@PARM_cncDEP' 需要参数 @PARM_cncDATOP，但未提供该参数。
在 AirSoft.FlightMonitor.FlightMonitorDA.VIPDAF.GetVIPByFlight(ChangeLegsBM changeLegsBM, Int32 iDeleteTag) 位置 D:\workspace\14代码实现\FlightMonitor\FlightMonitorDA\VIPDAF.cs:行号 217
   在 AirSoft.FlightMonitor.FlightMonitorBF.VIPBF.GetVIPByFlight(ChangeLegsBM changeLegsBM, Int32 iDeleteTag) 位置 D:\workspace\14代码实现\FlightMonitor\FlightMonitorBF\VIPBF.cs:行号 235

2007-6-20 13:44:52
操作数据库错误：参数化查询 '(@PARM_cncDATOP char(10),@PARM_cnvcFLTID varchar(8),@PARM_cncDEP' 需要参数 @PARM_cncDATOP，但未提供该参数。
在 AirSoft.FlightMonitor.FlightMonitorDA.VIPDAF.GetVIPByFlight(ChangeLegsBM changeLegsBM, Int32 iDeleteTag) 位置 D:\workspace\14代码实现\FlightMonitor\FlightMonitorDA\VIPDAF.cs:行号 217
   在 AirSoft.FlightMonitor.FlightMonitorBF.VIPBF.GetVIPByFlight(ChangeLegsBM changeLegsBM, Int32 iDeleteTag) 位置 D:\workspace\14代码实现\FlightMonitor\FlightMonitorBF\VIPBF.cs:行号 235

2007-6-20 13:46:19
操作数据库错误：参数化查询 '(@PARM_cncDATOP char(10),@PARM_cnvcFLTID varchar(8),@PARM_cncDEP' 需要参数 @PARM_cncDATOP，但未提供该参数。
在 AirSoft.FlightMonitor.FlightMonitorDA.VIPDAF.GetVIPByFlight(ChangeLegsBM changeLegsBM, Int32 iDeleteTag) 位置 D:\workspace\14代码实现\FlightMonitor\FlightMonitorDA\VIPDAF.cs:行号 217
   在 AirSoft.FlightMonitor.FlightMonitorBF.VIPBF.GetVIPByFlight(ChangeLegsBM changeLegsBM, Int32 iDeleteTag) 位置 D:\workspace\14代码实现\FlightMonitor\FlightMonitorBF\VIPBF.cs:行号 235

2007-6-20 13:46:21
操作数据库错误：参数化查询 '(@PARM_cncDATOP char(10),@PARM_cnvcFLTID varchar(8),@PARM_cncDEP' 需要参数 @PARM_cncDATOP，但未提供该参数。
在 AirSoft.FlightMonitor.FlightMonitorDA.VIPDAF.GetVIPByFlight(ChangeLegsBM changeLegsBM, Int32 iDeleteTag) 位置 D:\workspace\14代码实现\FlightMonitor\FlightMonitorDA\VIPDAF.cs:行号 217
   在 AirSoft.FlightMonitor.FlightMonitorBF.VIPBF.GetVIPByFlight(ChangeLegsBM changeLegsBM, Int32 iDeleteTag) 位置 D:\workspace\14代码实现\FlightMonitor\FlightMonitorBF\VIPBF.cs:行号 235

2007-6-20 13:47:45
操作数据库错误：参数化查询 '(@PARM_cncDATOP char(10),@PARM_cnvcFLTID varchar(8),@PARM_cncDEP' 需要参数 @PARM_cncDATOP，但未提供该参数。
在 AirSoft.FlightMonitor.FlightMonitorDA.VIPDAF.GetVIPByFlight(ChangeLegsBM changeLegsBM, Int32 iDeleteTag) 位置 D:\workspace\14代码实现\FlightMonitor\FlightMonitorDA\VIPDAF.cs:行号 217
   在 AirSoft.FlightMonitor.FlightMonitorBF.VIPBF.GetVIPByFlight(ChangeLegsBM changeLegsBM, Int32 iDeleteTag) 位置 D:\workspace\14代码实现\FlightMonitor\FlightMonitorBF\VIPBF.cs:行号 235

2007-6-20 13:47:48
操作数据库错误：参数化查询 '(@PARM_cncDATOP char(10),@PARM_cnvcFLTID varchar(8),@PARM_cncDEP' 需要参数 @PARM_cncDATOP，但未提供该参数。
在 AirSoft.FlightMonitor.FlightMonitorDA.VIPDAF.GetVIPByFlight(ChangeLegsBM changeLegsBM, Int32 iDeleteTag) 位置 D:\workspace\14代码实现\FlightMonitor\FlightMonitorDA\VIPDAF.cs:行号 217
   在 AirSoft.FlightMonitor.FlightMonitorBF.VIPBF.GetVIPByFlight(ChangeLegsBM changeLegsBM, Int32 iDeleteTag) 位置 D:\workspace\14代码实现\FlightMonitor\FlightMonitorBF\VIPBF.cs:行号 235

2007-6-20 13:48:05
操作数据库错误：参数化查询 '(@PARM_cncDATOP char(10),@PARM_cnvcFLTID varchar(8),@PARM_cncDEP' 需要参数 @PARM_cncDATOP，但未提供该参数。
在 AirSoft.FlightMonitor.FlightMonitorDA.VIPDAF.GetVIPByFlight(ChangeLegsBM changeLegsBM, Int32 iDeleteTag) 位置 D:\workspace\14代码实现\FlightMonitor\FlightMonitorDA\VIPDAF.cs:行号 217
   在 AirSoft.FlightMonitor.FlightMonitorBF.VIPBF.GetVIPByFlight(ChangeLegsBM changeLegsBM, Int32 iDeleteTag) 位置 D:\workspace\14代码实现\FlightMonitor\FlightMonitorBF\VIPBF.cs:行号 235

2007-6-20 13:48:08
操作数据库错误：参数化查询 '(@PARM_cncDATOP char(10),@PARM_cnvcFLTID varchar(8),@PARM_cncDEP' 需要参数 @PARM_cncDATOP，但未提供该参数。
在 AirSoft.FlightMonitor.FlightMonitorDA.VIPDAF.GetVIPByFlight(ChangeLegsBM changeLegsBM, Int32 iDeleteTag) 位置 D:\workspace\14代码实现\FlightMonitor\FlightMonitorDA\VIPDAF.cs:行号 217
   在 AirSoft.FlightMonitor.FlightMonitorBF.VIPBF.GetVIPByFlight(ChangeLegsBM changeLegsBM, Int32 iDeleteTag) 位置 D:\workspace\14代码实现\FlightMonitor\FlightMonitorBF\VIPBF.cs:行号 235

2007-6-20 13:49:16
操作数据库错误：参数化查询 '(@PARM_cncDATOP char(10),@PARM_cnvcFLTID varchar(8),@PARM_cncDEP' 需要参数 @PARM_cncDATOP，但未提供该参数。
在 AirSoft.FlightMonitor.FlightMonitorDA.VIPDAF.GetVIPByFlight(ChangeLegsBM changeLegsBM, Int32 iDeleteTag) 位置 D:\workspace\14代码实现\FlightMonitor\FlightMonitorDA\VIPDAF.cs:行号 217
   在 AirSoft.FlightMonitor.FlightMonitorBF.VIPBF.GetVIPByFlight(ChangeLegsBM changeLegsBM, Int32 iDeleteTag) 位置 D:\workspace\14代码实现\FlightMonitor\FlightMonitorBF\VIPBF.cs:行号 235

