2015-10-13 17:33:59
操作数据库错误：在与 SQL Server 建立连接时出现与网络相关的或特定于实例的错误。未找到或无法访问服务器。请验证实例名称是否正确并且 SQL Server 已配置为允许远程连接。 (provider: 命名管道提供程序, error: 40 - 无法打开到 SQL Server 的连接)
在 System.D错误函数：a.SqlClient.SqlInternalConnection.OnError(SqlException exception, Boolean breakConnection)
   在 System.D错误函数：a.SqlClient.TdsParser.ThrowExceptionAndWarn
程序位置：g(TdsParserSt错误函数：eObject st错误函数：eObj)
   在 System.D错误函数：a.SqlClient.TdsParser.Connect(ServerInfo serverInfo, SqlInternalConnectionTds connHandler, Boolean ignoreSniOpenTimeout, Int64 timerExpire, Boolean encrypt, Boolean trustServerCert, Boolean 
程序位置：tegr错误函数：edSecurity, SqlConnection own
程序位置：gObject)
   在 System.D错误函数：a.SqlClient.SqlInternalConnectionTds.AttemptOneLog
程序位置：(ServerInfo serverInfo, Str
程序位置：g newPassword, Boolean ignoreSniOpenTimeout, Int64 timerExpire, SqlConnection own
程序位置：gObject)
   在 System.D错误函数：a.SqlClient.SqlInternalConnectionTds.Log
程序位置：NoFailover(Str
程序位置：g host, Str
程序位置：g newPassword, Boolean redirectedUserInstance, SqlConnection own
程序位置：gObject, SqlConnectionStr
程序位置：g connectionOptions, Int64 timerStart)
   在 System.D错误函数：a.SqlClient.SqlInternalConnectionTds.OpenLog
程序位置：Enlist(SqlConnection own
程序位置：gObject, SqlConnectionStr
程序位置：g connectionOptions, Str
程序位置：g newPassword, Boolean redirectedUserInstance)
   在 System.D错误函数：a.SqlClient.SqlInternalConnectionTds..ctor(DbConnectionPoolIdentity identity, SqlConnectionStr
程序位置：g connectionOptions, Object providerInfo, Str
程序位置：g newPassword, SqlConnection own
程序位置：gObject, Boolean redirectedUserInstance)
   在 System.D错误函数：a.SqlClient.SqlConnectionFactory.Cre错误函数：eConnection(DbConnectionOptions options, Object poolGroupProviderInfo, DbConnectionPool pool, DbConnection own
程序位置：gConnection)
   在 System.D错误函数：a.ProviderBase.DbConnectionFactory.Cre错误函数：ePooledConnection(DbConnection own
程序位置：gConnection, DbConnectionPool pool, DbConnectionOptions options)
   在 System.D错误函数：a.ProviderBase.DbConnectionPool.Cre错误函数：eObject(DbConnection own
程序位置：gObject)
   在 System.D错误函数：a.ProviderBase.DbConnectionPool.UserCre错误函数：eRequest(DbConnection own
程序位置：gObject)
   在 System.D错误函数：a.ProviderBase.DbConnectionPool.GetConnection(DbConnection own
程序位置：gObject)
   在 System.D错误函数：a.ProviderBase.DbConnectionFactory.GetConnection(DbConnection own
程序位置：gConnection)
   在 System.D错误函数：a.ProviderBase.DbConnectionClosed.OpenConnection(DbConnection outerConnection, DbConnectionFactory connectionFactory)
   在 System.D错误函数：a.SqlClient.SqlConnection.Open()
   在 AirSoft.Public.D错误函数：aHelper.SqlD错误函数：abase.GetConnOpen(Str
程序位置：g strDbConn)
   在 AirSoft.FlightMonitor.FlightMonitorDA.Notific错误函数：ionDAF.GetNotific错误函数：ionD错误函数：a(D错误函数：eTime currentD错误函数：eTime) 位置 E:\我的主页\net\FlightMonitor\FlightMonitor（三期）\FlightMonitor_Code\FlightMonitorDA\Notific错误函数：ionDAF.cs:行号 39
   在 AirSoft.FlightMonitor.FlightMonitorBF.Notific错误函数：ionBF.GetAndComb
程序位置：eNotific错误函数：ionD错误函数：a(D错误函数：eTime currentD错误函数：eTime) 位置 E:\我的主页\net\FlightMonitor\FlightMonitor（三期）\FlightMonitor_Code\FlightMonitorBF\Notific错误函数：ionBF.cs:行号 46

2015-10-13 17:34:03
操作数据库错误：在与 SQL Server 建立连接时出现与网络相关的或特定于实例的错误。未找到或无法访问服务器。请验证实例名称是否正确并且 SQL Server 已配置为允许远程连接。 (provider: 命名管道提供程序, error: 40 - 无法打开到 SQL Server 的连接)
在 System.D错误函数：a.ProviderBase.DbConnectionPool.GetConnection(DbConnection own
程序位置：gObject)
   在 System.D错误函数：a.ProviderBase.DbConnectionFactory.GetConnection(DbConnection own
程序位置：gConnection)
   在 System.D错误函数：a.ProviderBase.DbConnectionClosed.OpenConnection(DbConnection outerConnection, DbConnectionFactory connectionFactory)
   在 System.D错误函数：a.SqlClient.SqlConnection.Open()
   在 AirSoft.Public.D错误函数：aHelper.SqlD错误函数：abase.GetConnOpen(Str
程序位置：g strDbConn)
   在 AirSoft.FlightMonitor.FlightMonitorDA.AccountDAF.GetAccountByUserId(Str
程序位置：g strUserId) 位置 E:\我的主页\net\FlightMonitor\FlightMonitor（三期）\FlightMonitor_Code\FlightMonitorDA\AccountDAF.cs:行号 256
   在 AirSoft.FlightMonitor.FlightMonitorBR.AccountBR.LogOn(AccountBM accountBM) 位置 E:\我的主页\net\FlightMonitor\FlightMonitor（三期）\FlightMonitor_Code\FlightMonitorBR\AccountBR.cs:行号 41
   在 AirSoft.FlightMonitor.FlightMonitorBF.AccountBF.LogOn(AccountBM accountBM) 位置 E:\我的主页\net\FlightMonitor\FlightMonitor（三期）\FlightMonitor_Code\FlightMonitorBF\AccountBF.cs:行号 209

2015-10-13 17:34:53
操作数据库错误：在与 SQL Server 建立连接时出现与网络相关的或特定于实例的错误。未找到或无法访问服务器。请验证实例名称是否正确并且 SQL Server 已配置为允许远程连接。 (provider: 命名管道提供程序, error: 40 - 无法打开到 SQL Server 的连接)
在 System.D错误函数：a.SqlClient.SqlInternalConnection.OnError(SqlException exception, Boolean breakConnection)
   在 System.D错误函数：a.SqlClient.TdsParser.ThrowExceptionAndWarn
程序位置：g(TdsParserSt错误函数：eObject st错误函数：eObj)
   在 System.D错误函数：a.SqlClient.TdsParser.Connect(ServerInfo serverInfo, SqlInternalConnectionTds connHandler, Boolean ignoreSniOpenTimeout, Int64 timerExpire, Boolean encrypt, Boolean trustServerCert, Boolean 
程序位置：tegr错误函数：edSecurity, SqlConnection own
程序位置：gObject)
   在 System.D错误函数：a.SqlClient.SqlInternalConnectionTds.AttemptOneLog
程序位置：(ServerInfo serverInfo, Str
程序位置：g newPassword, Boolean ignoreSniOpenTimeout, Int64 timerExpire, SqlConnection own
程序位置：gObject)
   在 System.D错误函数：a.SqlClient.SqlInternalConnectionTds.Log
程序位置：NoFailover(Str
程序位置：g host, Str
程序位置：g newPassword, Boolean redirectedUserInstance, SqlConnection own
程序位置：gObject, SqlConnectionStr
程序位置：g connectionOptions, Int64 timerStart)
   在 System.D错误函数：a.SqlClient.SqlInternalConnectionTds.OpenLog
程序位置：Enlist(SqlConnection own
程序位置：gObject, SqlConnectionStr
程序位置：g connectionOptions, Str
程序位置：g newPassword, Boolean redirectedUserInstance)
   在 System.D错误函数：a.SqlClient.SqlInternalConnectionTds..ctor(DbConnectionPoolIdentity identity, SqlConnectionStr
程序位置：g connectionOptions, Object providerInfo, Str
程序位置：g newPassword, SqlConnection own
程序位置：gObject, Boolean redirectedUserInstance)
   在 System.D错误函数：a.SqlClient.SqlConnectionFactory.Cre错误函数：eConnection(DbConnectionOptions options, Object poolGroupProviderInfo, DbConnectionPool pool, DbConnection own
程序位置：gConnection)
   在 System.D错误函数：a.ProviderBase.DbConnectionFactory.Cre错误函数：ePooledConnection(DbConnection own
程序位置：gConnection, DbConnectionPool pool, DbConnectionOptions options)
   在 System.D错误函数：a.ProviderBase.DbConnectionPool.Cre错误函数：eObject(DbConnection own
程序位置：gObject)
   在 System.D错误函数：a.ProviderBase.DbConnectionPool.UserCre错误函数：eRequest(DbConnection own
程序位置：gObject)
   在 System.D错误函数：a.ProviderBase.DbConnectionPool.GetConnection(DbConnection own
程序位置：gObject)
   在 System.D错误函数：a.ProviderBase.DbConnectionFactory.GetConnection(DbConnection own
程序位置：gConnection)
   在 System.D错误函数：a.ProviderBase.DbConnectionClosed.OpenConnection(DbConnection outerConnection, DbConnectionFactory connectionFactory)
   在 System.D错误函数：a.SqlClient.SqlConnection.Open()
   在 AirSoft.Public.D错误函数：aHelper.SqlD错误函数：abase.GetConnOpen(Str
程序位置：g strDbConn)
   在 AirSoft.FlightMonitor.FlightMonitorDA.AccountDAF.GetAccountByUserId(Str
程序位置：g strUserId) 位置 E:\我的主页\net\FlightMonitor\FlightMonitor（三期）\FlightMonitor_Code\FlightMonitorDA\AccountDAF.cs:行号 256
   在 AirSoft.FlightMonitor.FlightMonitorBR.AccountBR.LogOn(AccountBM accountBM) 位置 E:\我的主页\net\FlightMonitor\FlightMonitor（三期）\FlightMonitor_Code\FlightMonitorBR\AccountBR.cs:行号 41
   在 AirSoft.FlightMonitor.FlightMonitorBF.AccountBF.LogOn(AccountBM accountBM) 位置 E:\我的主页\net\FlightMonitor\FlightMonitor（三期）\FlightMonitor_Code\FlightMonitorBF\AccountBF.cs:行号 209

