2016-3-24 16:07:00
操作数据库错误：列名 'cnvcMemo' 无效。
列名 'cnvcMemo' 无效。
列名 'cnvcMemo' 无效。
列名 'cnvcMemo' 无效。
列名 'cnvcMemo' 无效。
列名 'cnvcMemo' 无效。
在 AirSoft.FlightMonitor.FlightMonitorDA.D错误函数：aItemPurviewDAF.GetVisibleD错误函数：aItem(AccountBM accountBM) 位置 E:\我的主页\net\FlightMonitor\FlightMonitor（三期）\FlightMonitor_Code\FlightMonitorDA\D错误函数：aItemPurviewDAF.cs:行号 323
   在 AirSoft.FlightMonitor.FlightMonitorBF.D错误函数：aItemPurviewBF.GetVisibleD错误函数：aItem(AccountBM accountBM) 位置 E:\我的主页\net\FlightMonitor\FlightMonitor（三期）\FlightMonitor_Code\FlightMonitorBF\D错误函数：aItemPurviewBF.cs:行号 307

2016-3-24 16:12:36
操作数据库错误：列名 'cnvcMemo' 无效。
列名 'cnvcMemo' 无效。
列名 'cnvcMemo' 无效。
列名 'cnvcMemo' 无效。
列名 'cnvcMemo' 无效。
列名 'cnvcMemo' 无效。
在 AirSoft.FlightMonitor.FlightMonitorDA.D错误函数：aItemPurviewDAF.GetVisibleD错误函数：aItem(AccountBM accountBM) 位置 E:\我的主页\net\FlightMonitor\FlightMonitor（三期）\FlightMonitor_Code\FlightMonitorDA\D错误函数：aItemPurviewDAF.cs:行号 323
   在 AirSoft.FlightMonitor.FlightMonitorBF.D错误函数：aItemPurviewBF.GetVisibleD错误函数：aItem(AccountBM accountBM) 位置 E:\我的主页\net\FlightMonitor\FlightMonitor（三期）\FlightMonitor_Code\FlightMonitorBF\D错误函数：aItemPurviewBF.cs:行号 307

2016-3-24 16:16:42
操作数据库错误：列名 'cnvcMemo' 无效。
列名 'cnvcMemo' 无效。
列名 'cnvcMemo' 无效。
列名 'cnvcMemo' 无效。
列名 'cnvcMemo' 无效。
列名 'cnvcMemo' 无效。
在 AirSoft.FlightMonitor.FlightMonitorDA.D错误函数：aItemPurviewDAF.GetVisibleD错误函数：aItem(AccountBM accountBM) 位置 E:\我的主页\net\FlightMonitor\FlightMonitor（三期）\FlightMonitor_Code\FlightMonitorDA\D错误函数：aItemPurviewDAF.cs:行号 323
   在 AirSoft.FlightMonitor.FlightMonitorBF.D错误函数：aItemPurviewBF.GetVisibleD错误函数：aItem(AccountBM accountBM) 位置 E:\我的主页\net\FlightMonitor\FlightMonitor（三期）\FlightMonitor_Code\FlightMonitorBF\D错误函数：aItemPurviewBF.cs:行号 307

