2014-5-15 15:06:12
操作数据库错误：不能将值 NULL 插入列 'cniRecordNo'，表 'dbFlightMonitor_Three.dbo.tbFlightChangeRecord'；列不允许有空值。INSERT 失败。
语句已终止。
在 AirSoft.FlightMonitor.FlightMonitorDA.ChangeRecordDAF.Insert(ChangeRecordBM changeRecordBM) 位置 E:\我的主页\net\FlightMonitor\FlightMonitor（三期）\FlightMonitor_Code\FlightMonitorDA\ChangeRecordDAF.cs:行号 181
   在 AirSoft.FlightMonitor.FlightMonitorBF.ChangeRecordBF.Insert(ChangeRecordBM changeRecordBM) 位置 E:\我的主页\net\FlightMonitor\FlightMonitor（三期）\FlightMonitor_Code\FlightMonitorBF\ChangeRecordBF.cs:行号 174

2014-5-15 15:06:17
操作数据库错误：不能将值 NULL 插入列 'cniRecordNo'，表 'dbFlightMonitor_Three.dbo.tbFlightChangeRecord'；列不允许有空值。INSERT 失败。
语句已终止。
在 AirSoft.FlightMonitor.FlightMonitorDA.ChangeRecordDAF.Insert(ChangeRecordBM changeRecordBM) 位置 E:\我的主页\net\FlightMonitor\FlightMonitor（三期）\FlightMonitor_Code\FlightMonitorDA\ChangeRecordDAF.cs:行号 181
   在 AirSoft.FlightMonitor.FlightMonitorBF.ChangeRecordBF.Insert(ChangeRecordBM changeRecordBM) 位置 E:\我的主页\net\FlightMonitor\FlightMonitor（三期）\FlightMonitor_Code\FlightMonitorBF\ChangeRecordBF.cs:行号 174

2014-5-15 15:06:37
操作数据库错误：不能将值 NULL 插入列 'cniRecordNo'，表 'dbFlightMonitor_Three.dbo.tbFlightChangeRecord'；列不允许有空值。INSERT 失败。
语句已终止。
在 AirSoft.FlightMonitor.FlightMonitorDA.ChangeRecordDAF.Insert(ChangeRecordBM changeRecordBM) 位置 E:\我的主页\net\FlightMonitor\FlightMonitor（三期）\FlightMonitor_Code\FlightMonitorDA\ChangeRecordDAF.cs:行号 181
   在 AirSoft.FlightMonitor.FlightMonitorBF.ChangeRecordBF.Insert(ChangeRecordBM changeRecordBM) 位置 E:\我的主页\net\FlightMonitor\FlightMonitor（三期）\FlightMonitor_Code\FlightMonitorBF\ChangeRecordBF.cs:行号 174

2014-5-15 17:14:13
操作数据库错误：不能将值 NULL 插入列 'cniRecordNo'，表 'dbFlightMonitor_Three.dbo.tbFlightChangeRecord'；列不允许有空值。INSERT 失败。
语句已终止。
在 AirSoft.FlightMonitor.FlightMonitorDA.ChangeRecordDAF.Insert(ChangeRecordBM changeRecordBM) 位置 E:\我的主页\net\FlightMonitor\FlightMonitor（三期）\FlightMonitor_Code\FlightMonitorDA\ChangeRecordDAF.cs:行号 181
   在 AirSoft.FlightMonitor.FlightMonitorBF.ChangeRecordBF.Insert(ChangeRecordBM changeRecordBM) 位置 E:\我的主页\net\FlightMonitor\FlightMonitor（三期）\FlightMonitor_Code\FlightMonitorBF\ChangeRecordBF.cs:行号 174

2014-5-15 17:19:06
操作数据库错误：不能将值 NULL 插入列 'cniRecordNo'，表 'dbFlightMonitor_Three.dbo.tbFlightChangeRecord'；列不允许有空值。INSERT 失败。
语句已终止。
在 AirSoft.FlightMonitor.FlightMonitorDA.ChangeRecordDAF.Insert(ChangeRecordBM changeRecordBM) 位置 E:\我的主页\net\FlightMonitor\FlightMonitor（三期）\FlightMonitor_Code\FlightMonitorDA\ChangeRecordDAF.cs:行号 181
   在 AirSoft.FlightMonitor.FlightMonitorBF.ChangeRecordBF.Insert(ChangeRecordBM changeRecordBM) 位置 E:\我的主页\net\FlightMonitor\FlightMonitor（三期）\FlightMonitor_Code\FlightMonitorBF\ChangeRecordBF.cs:行号 174

2014-5-15 17:19:15
操作数据库错误：不能将值 NULL 插入列 'cniRecordNo'，表 'dbFlightMonitor_Three.dbo.tbFlightChangeRecord'；列不允许有空值。INSERT 失败。
语句已终止。
在 AirSoft.FlightMonitor.FlightMonitorDA.ChangeRecordDAF.Insert(ChangeRecordBM changeRecordBM) 位置 E:\我的主页\net\FlightMonitor\FlightMonitor（三期）\FlightMonitor_Code\FlightMonitorDA\ChangeRecordDAF.cs:行号 181
   在 AirSoft.FlightMonitor.FlightMonitorBF.ChangeRecordBF.Insert(ChangeRecordBM changeRecordBM) 位置 E:\我的主页\net\FlightMonitor\FlightMonitor（三期）\FlightMonitor_Code\FlightMonitorBF\ChangeRecordBF.cs:行号 174

2014-5-15 17:19:24
操作数据库错误：不能将值 NULL 插入列 'cniRecordNo'，表 'dbFlightMonitor_Three.dbo.tbFlightChangeRecord'；列不允许有空值。INSERT 失败。
语句已终止。
在 AirSoft.FlightMonitor.FlightMonitorDA.ChangeRecordDAF.Insert(ChangeRecordBM changeRecordBM) 位置 E:\我的主页\net\FlightMonitor\FlightMonitor（三期）\FlightMonitor_Code\FlightMonitorDA\ChangeRecordDAF.cs:行号 181
   在 AirSoft.FlightMonitor.FlightMonitorBF.ChangeRecordBF.Insert(ChangeRecordBM changeRecordBM) 位置 E:\我的主页\net\FlightMonitor\FlightMonitor（三期）\FlightMonitor_Code\FlightMonitorBF\ChangeRecordBF.cs:行号 174

2014-5-15 17:23:16
操作数据库错误：不能将值 NULL 插入列 'cniRecordNo'，表 'dbFlightMonitor_Three.dbo.tbFlightChangeRecord'；列不允许有空值。INSERT 失败。
语句已终止。
在 AirSoft.FlightMonitor.FlightMonitorDA.ChangeRecordDAF.Insert(ChangeRecordBM changeRecordBM) 位置 E:\我的主页\net\FlightMonitor\FlightMonitor（三期）\FlightMonitor_Code\FlightMonitorDA\ChangeRecordDAF.cs:行号 181
   在 AirSoft.FlightMonitor.FlightMonitorBF.ChangeRecordBF.Insert(ChangeRecordBM changeRecordBM) 位置 E:\我的主页\net\FlightMonitor\FlightMonitor（三期）\FlightMonitor_Code\FlightMonitorBF\ChangeRecordBF.cs:行号 174

2014-5-15 17:25:18
操作数据库错误：不能将值 NULL 插入列 'cniRecordNo'，表 'dbFlightMonitor_Three.dbo.tbFlightChangeRecord'；列不允许有空值。INSERT 失败。
语句已终止。
在 AirSoft.FlightMonitor.FlightMonitorDA.ChangeRecordDAF.Insert(ChangeRecordBM changeRecordBM) 位置 E:\我的主页\net\FlightMonitor\FlightMonitor（三期）\FlightMonitor_Code\FlightMonitorDA\ChangeRecordDAF.cs:行号 181
   在 AirSoft.FlightMonitor.FlightMonitorBF.ChangeRecordBF.Insert(ChangeRecordBM changeRecordBM) 位置 E:\我的主页\net\FlightMonitor\FlightMonitor（三期）\FlightMonitor_Code\FlightMonitorBF\ChangeRecordBF.cs:行号 174

