2016-5-24 11:32:22
业务逻辑处理错误：未将对象引用设置到对象的实例。
   在 AirSoft.Public.SystemFramework.ConfigManagerSF.GetConfigStr
程序位置：g(Str
程序位置：g key, Int32 iConfigFile)
   在 AirSoft.FlightMonitor.FlightMonitorDA.Notific错误函数：ionDAF.GetNotific错误函数：ionD错误函数：a(D错误函数：eTime currentD错误函数：eTime) 位置 E:\我的主页\net\FlightMonitor\FlightMonitor（三期）\FlightMonitor_Code\FlightMonitorDA\Notific错误函数：ionDAF.cs:行号 39
   在 AirSoft.FlightMonitor.FlightMonitorBF.Notific错误函数：ionBF.GetAndComb
程序位置：eNotific错误函数：ionD错误函数：a(D错误函数：eTime currentD错误函数：eTime) 位置 E:\我的主页\net\FlightMonitor\FlightMonitor（三期）\FlightMonitor_Code\FlightMonitorBF\Notific错误函数：ionBF.cs:行号 46

2016-5-24 11:32:28
业务逻辑处理错误：未将对象引用设置到对象的实例。
   在 AirSoft.Public.SystemFramework.ConfigManagerSF.GetConfigStr
程序位置：g(Str
程序位置：g key, Int32 iConfigFile)
   在 AirSoft.FlightMonitor.FlightMonitorDA.AccountDAF.GetAccountByUserId(Str
程序位置：g strUserId) 位置 E:\我的主页\net\FlightMonitor\FlightMonitor（三期）\FlightMonitor_Code\FlightMonitorDA\AccountDAF.cs:行号 256
   在 AirSoft.FlightMonitor.FlightMonitorBR.AccountBR.LogOn(AccountBM accountBM) 位置 E:\我的主页\net\FlightMonitor\FlightMonitor（三期）\FlightMonitor_Code\FlightMonitorBR\AccountBR.cs:行号 41
   在 AirSoft.FlightMonitor.FlightMonitorBF.AccountBF.LogOn(AccountBM accountBM) 位置 E:\我的主页\net\FlightMonitor\FlightMonitor（三期）\FlightMonitor_Code\FlightMonitorBF\AccountBF.cs:行号 209

2016-5-24 11:32:31
业务逻辑处理错误：未将对象引用设置到对象的实例。
   在 AirSoft.Public.SystemFramework.ConfigManagerSF.GetConfigStr
程序位置：g(Str
程序位置：g key, Int32 iConfigFile)
   在 AirSoft.FlightMonitor.FlightMonitorDA.AccountDAF.GetAccountByUserId(Str
程序位置：g strUserId) 位置 E:\我的主页\net\FlightMonitor\FlightMonitor（三期）\FlightMonitor_Code\FlightMonitorDA\AccountDAF.cs:行号 256
   在 AirSoft.FlightMonitor.FlightMonitorBR.AccountBR.LogOn(AccountBM accountBM) 位置 E:\我的主页\net\FlightMonitor\FlightMonitor（三期）\FlightMonitor_Code\FlightMonitorBR\AccountBR.cs:行号 41
   在 AirSoft.FlightMonitor.FlightMonitorBF.AccountBF.LogOn(AccountBM accountBM) 位置 E:\我的主页\net\FlightMonitor\FlightMonitor（三期）\FlightMonitor_Code\FlightMonitorBF\AccountBF.cs:行号 209

2016-5-24 11:32:34
业务逻辑处理错误：未将对象引用设置到对象的实例。
   在 AirSoft.Public.SystemFramework.ConfigManagerSF.GetConfigStr
程序位置：g(Str
程序位置：g key, Int32 iConfigFile)
   在 AirSoft.FlightMonitor.FlightMonitorDA.AccountDAF.GetAccountByUserId(Str
程序位置：g strUserId) 位置 E:\我的主页\net\FlightMonitor\FlightMonitor（三期）\FlightMonitor_Code\FlightMonitorDA\AccountDAF.cs:行号 256
   在 AirSoft.FlightMonitor.FlightMonitorBR.AccountBR.LogOn(AccountBM accountBM) 位置 E:\我的主页\net\FlightMonitor\FlightMonitor（三期）\FlightMonitor_Code\FlightMonitorBR\AccountBR.cs:行号 41
   在 AirSoft.FlightMonitor.FlightMonitorBF.AccountBF.LogOn(AccountBM accountBM) 位置 E:\我的主页\net\FlightMonitor\FlightMonitor（三期）\FlightMonitor_Code\FlightMonitorBF\AccountBF.cs:行号 209

