2015-11-2 17:20:38
操作数据库错误：超时时间已到。在操作完成之前超时时间已过或服务器未响应。
在 AirSoft.FlightMonitor.FlightMonitorDA.ChangeRecordDAF.GetChangeRecordsByFlightNo(D错误函数：eTimeBM d错误函数：eTimeBM, Str
程序位置：g strFlightNo, Str
程序位置：g strChangeReason) 位置 E:\我的主页\net\FlightMonitor\FlightMonitor（三期）\FlightMonitor_Code\FlightMonitorDA\ChangeRecordDAF.cs:行号 214
   在 AirSoft.FlightMonitor.FlightMonitorBF.ChangeRecordBF.GetChangeRecordsByFlightNo(D错误函数：eTimeBM d错误函数：eTimeBM, Str
程序位置：g strFlightNo, Str
程序位置：g strChangeReason) 位置 E:\我的主页\net\FlightMonitor\FlightMonitor（三期）\FlightMonitor_Code\FlightMonitorBF\ChangeRecordBF.cs:行号 201

2015-11-2 17:32:57
操作数据库错误：超时时间已到。在操作完成之前超时时间已过或服务器未响应。
在 AirSoft.FlightMonitor.FlightMonitorDA.ChangeRecordDAF.GetChangeRecordsByFlightNo(D错误函数：eTimeBM d错误函数：eTimeBM, Str
程序位置：g strFlightNo, Str
程序位置：g strChangeReason) 位置 E:\我的主页\net\FlightMonitor\FlightMonitor（三期）\FlightMonitor_Code\FlightMonitorDA\ChangeRecordDAF.cs:行号 214
   在 AirSoft.FlightMonitor.FlightMonitorBF.ChangeRecordBF.GetChangeRecordsByFlightNo(D错误函数：eTimeBM d错误函数：eTimeBM, Str
程序位置：g strFlightNo, Str
程序位置：g strChangeReason) 位置 E:\我的主页\net\FlightMonitor\FlightMonitor（三期）\FlightMonitor_Code\FlightMonitorBF\ChangeRecordBF.cs:行号 201

2015-11-2 17:51:28
操作数据库错误：超时时间已到。在操作完成之前超时时间已过或服务器未响应。
在 AirSoft.FlightMonitor.FlightMonitorDA.ChangeRecordDAF.GetChangeRecordsByFlightNo(D错误函数：eTimeBM d错误函数：eTimeBM, Str
程序位置：g strFlightNo, Str
程序位置：g strChangeReason) 位置 E:\我的主页\net\FlightMonitor\FlightMonitor（三期）\FlightMonitor_Code\FlightMonitorDA\ChangeRecordDAF.cs:行号 214
   在 AirSoft.FlightMonitor.FlightMonitorBF.ChangeRecordBF.GetChangeRecordsByFlightNo(D错误函数：eTimeBM d错误函数：eTimeBM, Str
程序位置：g strFlightNo, Str
程序位置：g strChangeReason) 位置 E:\我的主页\net\FlightMonitor\FlightMonitor（三期）\FlightMonitor_Code\FlightMonitorBF\ChangeRecordBF.cs:行号 201

