2015-7-21 18:37:03
操作数据库错误：超时时间已到。在操作完成之前超时时间已过或服务器未响应。
在 System.D错误函数：a.ProviderBase.DbConnectionPool.GetConnection(DbConnection own
程序位置：gObject)
   在 System.D错误函数：a.ProviderBase.DbConnectionFactory.GetConnection(DbConnection own
程序位置：gConnection)
   在 System.D错误函数：a.ProviderBase.DbConnectionClosed.OpenConnection(DbConnection outerConnection, DbConnectionFactory connectionFactory)
   在 System.D错误函数：a.ProviderBase.DbConnectionFactory.GetConnection(DbConnection own
程序位置：gConnection)
   在 System.D错误函数：a.ProviderBase.DbConnectionClosed.OpenConnection(DbConnection outerConnection, DbConnectionFactory connectionFactory)
   在 System.D错误函数：a.SqlClient.SqlConnection.Open()
   在 AirSoft.Public.D错误函数：aHelper.SqlD错误函数：abase.GetConnOpen(Str
程序位置：g strDbConn)
   在 AirSoft.FlightMonitor.FlightMonitorDA.FlightAlarmInfoDAF.Select(Str
程序位置：g cncOutDATOP, Str
程序位置：g cnvcOutFLTID, Int32 cniOutLEGNO, Str
程序位置：g cnvcOutAC, Str
程序位置：g cncInDATOP, Str
程序位置：g cnvcInFLTID, Int32 cniInLEGNO, Str
程序位置：g cnvcInAC, Str
程序位置：g cnvcAlarmCode) 位置 E:\我的主页\net\FlightMonitor\FlightMonitor（三期）\FlightMonitor_Code\FlightMonitorDA\FlightAlarmInfoDAF.cs:行号 169

