2014-7-2 17:25:00
操作数据库错误：列名 'cnvcUserName' 不明确。
列名 'cnvcUserID' 不明确。
在 AirSoft.FlightMonitor.FlightMonitorDA.GuaranteeRecordDAF.GetD错误函数：aList(Str
程序位置：g cncSt错误函数：ion, Str
程序位置：g cncDATOP, Str
程序位置：g cnvcFLTID, Int32 cniLegNO, Str
程序位置：g cnvcAC) 位置 E:\我的主页\net\FlightMonitor\FlightMonitor（三期）\FlightMonitor_Code\FlightMonitorDA\GuaranteeRecordDAF.cs:行号 111
   在 AirSoft.FlightMonitor.FlightMonitorBF.GuaranteeRecordBF.GetD错误函数：aList(Str
程序位置：g cncSt错误函数：ion, Str
程序位置：g cncDATOP, Str
程序位置：g cnvcFLTID, Int32 cniLegNO, Str
程序位置：g cnvcAC) 位置 E:\我的主页\net\FlightMonitor\FlightMonitor（三期）\FlightMonitor_Code\FlightMonitorBF\GuaranteeRecordBF.cs:行号 104

2014-7-2 17:25:15
操作数据库错误：列名 'cnvcUserName' 不明确。
列名 'cnvcUserID' 不明确。
在 AirSoft.FlightMonitor.FlightMonitorDA.GuaranteeRecordDAF.GetD错误函数：aList(Str
程序位置：g cncSt错误函数：ion, Str
程序位置：g cncDATOP, Str
程序位置：g cnvcFLTID, Int32 cniLegNO, Str
程序位置：g cnvcAC, Int32 cniGuaranteeRecordCaptionID) 位置 E:\我的主页\net\FlightMonitor\FlightMonitor（三期）\FlightMonitor_Code\FlightMonitorDA\GuaranteeRecordDAF.cs:行号 76
   在 AirSoft.FlightMonitor.FlightMonitorBF.GuaranteeRecordBF.GetD错误函数：aList(Str
程序位置：g cncSt错误函数：ion, Str
程序位置：g cncDATOP, Str
程序位置：g cnvcFLTID, Int32 cniLegNO, Str
程序位置：g cnvcAC, Int32 cniGuaranteeRecordCaptionID) 位置 E:\我的主页\net\FlightMonitor\FlightMonitor（三期）\FlightMonitor_Code\FlightMonitorBF\GuaranteeRecordBF.cs:行号 72

2014-7-2 17:25:18
操作数据库错误：列名 'cnvcUserName' 不明确。
列名 'cnvcUserID' 不明确。
在 AirSoft.FlightMonitor.FlightMonitorDA.GuaranteeRecordDAF.GetD错误函数：aList(Str
程序位置：g cncSt错误函数：ion, Str
程序位置：g cncDATOP, Str
程序位置：g cnvcFLTID, Int32 cniLegNO, Str
程序位置：g cnvcAC, Int32 cniGuaranteeRecordCaptionID) 位置 E:\我的主页\net\FlightMonitor\FlightMonitor（三期）\FlightMonitor_Code\FlightMonitorDA\GuaranteeRecordDAF.cs:行号 76
   在 AirSoft.FlightMonitor.FlightMonitorBF.GuaranteeRecordBF.GetD错误函数：aList(Str
程序位置：g cncSt错误函数：ion, Str
程序位置：g cncDATOP, Str
程序位置：g cnvcFLTID, Int32 cniLegNO, Str
程序位置：g cnvcAC, Int32 cniGuaranteeRecordCaptionID) 位置 E:\我的主页\net\FlightMonitor\FlightMonitor（三期）\FlightMonitor_Code\FlightMonitorBF\GuaranteeRecordBF.cs:行号 72

2014-7-2 17:25:20
操作数据库错误：列名 'cnvcUserName' 不明确。
列名 'cnvcUserID' 不明确。
在 AirSoft.FlightMonitor.FlightMonitorDA.GuaranteeRecordDAF.GetD错误函数：aList(Str
程序位置：g cncSt错误函数：ion, Str
程序位置：g cncDATOP, Str
程序位置：g cnvcFLTID, Int32 cniLegNO, Str
程序位置：g cnvcAC, Int32 cniGuaranteeRecordCaptionID) 位置 E:\我的主页\net\FlightMonitor\FlightMonitor（三期）\FlightMonitor_Code\FlightMonitorDA\GuaranteeRecordDAF.cs:行号 76
   在 AirSoft.FlightMonitor.FlightMonitorBF.GuaranteeRecordBF.GetD错误函数：aList(Str
程序位置：g cncSt错误函数：ion, Str
程序位置：g cncDATOP, Str
程序位置：g cnvcFLTID, Int32 cniLegNO, Str
程序位置：g cnvcAC, Int32 cniGuaranteeRecordCaptionID) 位置 E:\我的主页\net\FlightMonitor\FlightMonitor（三期）\FlightMonitor_Code\FlightMonitorBF\GuaranteeRecordBF.cs:行号 72

2014-7-2 17:25:26
操作数据库错误：列名 'cnvcUserName' 不明确。
列名 'cnvcUserID' 不明确。
在 AirSoft.FlightMonitor.FlightMonitorDA.GuaranteeRecordDAF.GetD错误函数：aList(Str
程序位置：g cncSt错误函数：ion, Str
程序位置：g cncDATOP, Str
程序位置：g cnvcFLTID, Int32 cniLegNO, Str
程序位置：g cnvcAC) 位置 E:\我的主页\net\FlightMonitor\FlightMonitor（三期）\FlightMonitor_Code\FlightMonitorDA\GuaranteeRecordDAF.cs:行号 111
   在 AirSoft.FlightMonitor.FlightMonitorBF.GuaranteeRecordBF.GetD错误函数：aList(Str
程序位置：g cncSt错误函数：ion, Str
程序位置：g cncDATOP, Str
程序位置：g cnvcFLTID, Int32 cniLegNO, Str
程序位置：g cnvcAC) 位置 E:\我的主页\net\FlightMonitor\FlightMonitor（三期）\FlightMonitor_Code\FlightMonitorBF\GuaranteeRecordBF.cs:行号 104

2014-7-2 17:25:28
操作数据库错误：列名 'cnvcUserName' 不明确。
列名 'cnvcUserID' 不明确。
在 AirSoft.FlightMonitor.FlightMonitorDA.GuaranteeRecordDAF.GetD错误函数：aList(Str
程序位置：g cncSt错误函数：ion, Str
程序位置：g cncDATOP, Str
程序位置：g cnvcFLTID, Int32 cniLegNO, Str
程序位置：g cnvcAC, Int32 cniGuaranteeRecordCaptionID) 位置 E:\我的主页\net\FlightMonitor\FlightMonitor（三期）\FlightMonitor_Code\FlightMonitorDA\GuaranteeRecordDAF.cs:行号 76
   在 AirSoft.FlightMonitor.FlightMonitorBF.GuaranteeRecordBF.GetD错误函数：aList(Str
程序位置：g cncSt错误函数：ion, Str
程序位置：g cncDATOP, Str
程序位置：g cnvcFLTID, Int32 cniLegNO, Str
程序位置：g cnvcAC, Int32 cniGuaranteeRecordCaptionID) 位置 E:\我的主页\net\FlightMonitor\FlightMonitor（三期）\FlightMonitor_Code\FlightMonitorBF\GuaranteeRecordBF.cs:行号 72

2014-7-2 17:28:27
操作数据库错误：列名 'cnvcUserName' 不明确。
列名 'cnvcUserID' 不明确。
在 AirSoft.FlightMonitor.FlightMonitorDA.GuaranteeRecordDAF.GetD错误函数：aList(Str
程序位置：g cncSt错误函数：ion, Str
程序位置：g cncDATOP, Str
程序位置：g cnvcFLTID, Int32 cniLegNO, Str
程序位置：g cnvcAC) 位置 E:\我的主页\net\FlightMonitor\FlightMonitor（三期）\FlightMonitor_Code\FlightMonitorDA\GuaranteeRecordDAF.cs:行号 111
   在 AirSoft.FlightMonitor.FlightMonitorBF.GuaranteeRecordBF.GetD错误函数：aList(Str
程序位置：g cncSt错误函数：ion, Str
程序位置：g cncDATOP, Str
程序位置：g cnvcFLTID, Int32 cniLegNO, Str
程序位置：g cnvcAC) 位置 E:\我的主页\net\FlightMonitor\FlightMonitor（三期）\FlightMonitor_Code\FlightMonitorBF\GuaranteeRecordBF.cs:行号 104

