2014-9-9 14:31:21
业务逻辑处理错误：未将对象引用设置到对象的实例。
   在 AirSoft.FlightMonitor.FlightMonitorDA.G错误函数：eInfoDAF.Save(D错误函数：aTable D错误函数：aTable) 位置 E:\我的主页\net\FlightMonitor\FlightMonitor（三期）\FlightMonitor_Code\FlightMonitorDA\G错误函数：eInfoDAF.cs:行号 70
   在 AirSoft.FlightMonitor.FlightMonitorBF.G错误函数：eInfoBF.Save(D错误函数：aTable D错误函数：aTable) 位置 E:\我的主页\net\FlightMonitor\FlightMonitor（三期）\FlightMonitor_Code\FlightMonitorBF\G错误函数：eInfoBF.cs:行号 74

2014-9-9 16:28:52
业务逻辑处理错误：远程主机强迫关闭了一个现有的连接。

Server stack trace: 
   在 System.Net.Sockets.Socket.Receive(Byte[] buffer, Int32 offset, Int32 size, SocketFlags socketFlags)
   在 System.Runtime.Remot
程序位置：g.Channels.SocketStream.Read(Byte[] buffer, Int32 offset, Int32 size)
   在 System.Runtime.Remot
程序位置：g.Channels.SocketHandler.ReadFromSocket(Byte[] buffer, Int32 offset, Int32 count)
   在 System.Runtime.Remot
程序位置：g.Channels.SocketHandler.Read(Byte[] buffer, Int32 offset, Int32 count)
   在 System.Runtime.Remot
程序位置：g.Channels.SocketHandler.ReadAndM错误函数：chFourBytes(Byte[] buffer)
   在 System.Runtime.Remot
程序位置：g.Channels.Tcp.TcpSocketHandler.ReadAndM错误函数：chPreamble()
   在 System.Runtime.Remot
程序位置：g.Channels.Tcp.TcpSocketHandler.ReadVersionAndOper错误函数：ion(UInt16& oper错误函数：ion)
   在 System.Runtime.Remot
程序位置：g.Channels.Tcp.TcpClientSocketHandler.ReadHeaders()
   在 System.Runtime.Remot
程序位置：g.Channels.Tcp.TcpClientTransportS
程序位置：k.ProcessMessage(IMessage msg, ITransportHeaders requestHeaders, Stream requestStream, ITransportHeaders& responseHeaders, Stream& responseStream)
   在 System.Runtime.Remot
程序位置：g.Channels.B
程序位置：aryClientForm错误函数：terS
程序位置：k.SyncProcessMessage(IMessage msg)

Exception rethrown 错误函数： [0]: 
   在 System.Runtime.Remot
程序位置：g.Proxies.RealProxy.HandleReturnMessage(IMessage reqMsg, IMessage retMsg)
   在 System.Runtime.Remot
程序位置：g.Proxies.RealProxy.Priv错误函数：eInvoke(MessageD错误函数：a& msgD错误函数：a, Int32 type)
   在 AirSoft.FlightMonitor.AgentServiceDA.AgentServiceDAF.GetLastGuaranteeChangeRecords(Int32 iLastRecordNo, D错误函数：eTimeBM d错误函数：eTimeBM, St错误函数：ionBM st错误函数：ionBM, AccountBM accountBM)
   在 AirSoft.FlightMonitor.FlightMonitorBF.ChangeRecordBF.GetLastGuaranteeChangeRecords(Int32 iLastRecordNo, D错误函数：eTimeBM d错误函数：eTimeBM, St错误函数：ionBM st错误函数：ionBM, AccountBM accountBM) 位置 E:\我的主页\net\FlightMonitor\FlightMonitor（三期）\FlightMonitor_Code\FlightMonitorBF\ChangeRecordBF.cs:行号 103

